{"D:\\projetos\\tdd\\unit-tests\\components\\calculator.js": {"path":"D:\\projetos\\tdd\\unit-tests\\components\\calculator.js","statementMap":{"0":{"start":{"line":1,"column":19},"end":{"line":26,"column":4}},"1":{"start":{"line":4,"column":8},"end":{"line":4,"column":27}},"2":{"start":{"line":8,"column":8},"end":{"line":8,"column":27}},"3":{"start":{"line":12,"column":8},"end":{"line":12,"column":27}},"4":{"start":{"line":16,"column":8},"end":{"line":16,"column":27}},"5":{"start":{"line":19,"column":4},"end":{"line":24,"column":5}},"6":{"start":{"line":28,"column":0},"end":{"line":28,"column":28}}},"fnMap":{"0":{"name":"(anonymous_0)","decl":{"start":{"line":1,"column":20},"end":{"line":1,"column":21}},"loc":{"start":{"line":1,"column":26},"end":{"line":26,"column":1}},"line":1},"1":{"name":"sum","decl":{"start":{"line":3,"column":13},"end":{"line":3,"column":16}},"loc":{"start":{"line":3,"column":29},"end":{"line":5,"column":5}},"line":3},"2":{"name":"subtract","decl":{"start":{"line":7,"column":13},"end":{"line":7,"column":21}},"loc":{"start":{"line":7,"column":34},"end":{"line":9,"column":5}},"line":7},"3":{"name":"multiply","decl":{"start":{"line":11,"column":13},"end":{"line":11,"column":21}},"loc":{"start":{"line":11,"column":34},"end":{"line":13,"column":5}},"line":11},"4":{"name":"divide","decl":{"start":{"line":15,"column":13},"end":{"line":15,"column":19}},"loc":{"start":{"line":15,"column":32},"end":{"line":17,"column":5}},"line":15}},"branchMap":{},"s":{"0":1,"1":1,"2":0,"3":1,"4":0,"5":1,"6":1},"f":{"0":1,"1":1,"2":0,"3":1,"4":0},"b":{},"_coverageSchema":"1a1c01bbd47fc00a2c39e90264f33305004495a9","hash":"5cf814dab7213f882bd63fef4ecf6d3a899c0526"}
,"D:\\projetos\\tdd\\unit-tests\\components\\message.js": {"path":"D:\\projetos\\tdd\\unit-tests\\components\\message.js","statementMap":{"0":{"start":{"line":1,"column":16},"end":{"line":25,"column":4}},"1":{"start":{"line":4,"column":8},"end":{"line":4,"column":20}},"2":{"start":{"line":8,"column":8},"end":{"line":8,"column":21}},"3":{"start":{"line":12,"column":8},"end":{"line":12,"column":23}},"4":{"start":{"line":16,"column":8},"end":{"line":16,"column":52}},"5":{"start":{"line":19,"column":4},"end":{"line":24,"column":5}},"6":{"start":{"line":27,"column":0},"end":{"line":27,"column":25}}},"fnMap":{"0":{"name":"(anonymous_0)","decl":{"start":{"line":1,"column":17},"end":{"line":1,"column":18}},"loc":{"start":{"line":1,"column":23},"end":{"line":25,"column":1}},"line":1},"1":{"name":"name","decl":{"start":{"line":3,"column":13},"end":{"line":3,"column":17}},"loc":{"start":{"line":3,"column":24},"end":{"line":5,"column":5}},"line":3},"2":{"name":"email","decl":{"start":{"line":7,"column":13},"end":{"line":7,"column":18}},"loc":{"start":{"line":7,"column":26},"end":{"line":9,"column":5}},"line":7},"3":{"name":"subject","decl":{"start":{"line":11,"column":13},"end":{"line":11,"column":20}},"loc":{"start":{"line":11,"column":30},"end":{"line":13,"column":5}},"line":11},"4":{"name":"sendMessage","decl":{"start":{"line":15,"column":13},"end":{"line":15,"column":24}},"loc":{"start":{"line":15,"column":27},"end":{"line":17,"column":5}},"line":15}},"branchMap":{},"s":{"0":1,"1":1,"2":1,"3":0,"4":1,"5":1,"6":1},"f":{"0":1,"1":1,"2":1,"3":0,"4":1},"b":{},"_coverageSchema":"1a1c01bbd47fc00a2c39e90264f33305004495a9","hash":"ee74a04a928465b1e836cd1acc17e95c2cfffcf7"}
,"D:\\projetos\\tdd\\unit-tests\\helpers\\validate.js": {"path":"D:\\projetos\\tdd\\unit-tests\\helpers\\validate.js","statementMap":{"0":{"start":{"line":1,"column":22},"end":{"line":4,"column":1}},"1":{"start":{"line":2,"column":15},"end":{"line":2,"column":29}},"2":{"start":{"line":3,"column":4},"end":{"line":3,"column":26}},"3":{"start":{"line":6,"column":0},"end":{"line":6,"column":31}}},"fnMap":{"0":{"name":"(anonymous_0)","decl":{"start":{"line":1,"column":22},"end":{"line":1,"column":23}},"loc":{"start":{"line":1,"column":33},"end":{"line":4,"column":1}},"line":1}},"branchMap":{},"s":{"0":1,"1":1,"2":1,"3":1},"f":{"0":1},"b":{},"_coverageSchema":"1a1c01bbd47fc00a2c39e90264f33305004495a9","hash":"e701c52593b9459ee0761035409271126b43ac96"}
}
