TN:
SF:unit-tests\components\calculator.js
FN:1,(anonymous_0)
FN:3,sum
FN:7,subtract
FN:11,multiply
FN:15,divide
FNF:5
FNH:3
FNDA:1,(anonymous_0)
FNDA:1,sum
FNDA:0,subtract
FNDA:1,multiply
FNDA:0,divide
DA:1,1
DA:4,1
DA:8,0
DA:12,1
DA:16,0
DA:19,1
DA:28,1
LF:7
LH:5
BRF:0
BRH:0
end_of_record
TN:
SF:unit-tests\components\message.js
FN:1,(anonymous_0)
FN:3,name
FN:7,email
FN:11,subject
FN:15,sendMessage
FNF:5
FNH:4
FNDA:1,(anonymous_0)
FNDA:1,name
FNDA:1,email
FNDA:0,subject
FNDA:1,sendMessage
DA:1,1
DA:4,1
DA:8,1
DA:12,0
DA:16,1
DA:19,1
DA:27,1
LF:7
LH:6
BRF:0
BRH:0
end_of_record
TN:
SF:unit-tests\helpers\validate.js
FN:1,(anonymous_0)
FNF:1
FNH:1
FNDA:1,(anonymous_0)
DA:1,1
DA:2,1
DA:3,1
DA:6,1
LF:4
LH:4
BRF:0
BRH:0
end_of_record
